Handbook_for_Smash_64/app/build/outputs/logs/manifest-merger-debug-report.txt
-- Merging decision tree log ---
manifest
ADDED from src\main\AndroidManifest.xml:2:1-54:12
	package
		ADDED from src\main\AndroidManifest.xml:3:11-52
		INJECTED from src\main\AndroidManifest.xml
		INJECTED from src\main\AndroidManifest.xml
	android:versionName
		INJECTED from src\main\AndroidManifest.xml
		INJECTED from src\main\AndroidManifest.xml
	xmlns:android
		ADDED from src\main\AndroidManifest.xml:2:11-69
	android:versionCode
		INJECTED from src\main\AndroidManifest.xml
		INJECTED from src\main\AndroidManifest.xml
	android:installLocation
		ADDED from src\main\AndroidManifest.xml:4:11-51
uses-feature#android.hardware.location
ADDED from src\main\AndroidManifest.xml:6:5-87
	android:required
		ADDED from src\main\AndroidManifest.xml:6:60-84
	android:name
		ADDED from src\main\AndroidManifest.xml:6:19-59
uses-feature#android.hardware.location.network
ADDED from src\main\AndroidManifest.xml:7:5-95
	android:required
		ADDED from src\main\AndroidManifest.xml:7:68-92
	android:name
		ADDED from src\main\AndroidManifest.xml:7:19-67
application
ADDED from src\main\AndroidManifest.xml:9:5-52:19
MERGED from [com.android.support:design:25.2.0] AndroidManifest.xml:25:5-20
MERGED from [com.android.support:appcompat-v7:25.2.0] AndroidManifest.xml:25:5-20
MERGED from [com.android.support:animated-vector-drawable:25.2.0] AndroidManifest.xml:22:5-20
MERGED from [com.android.support:support-vector-drawable:25.2.0] AndroidManifest.xml:23:5-20
MERGED from [com.android.support:transition:25.2.0] AndroidManifest.xml:22:5-20
MERGED from [com.android.support:cardview-v7:25.2.0] AndroidManifest.xml:22:5-20
MERGED from [com.bignerdranch.android:expandablerecyclerview:1.0.3] AndroidManifest.xml:11:5-14:19
MERGED from [com.r0adkll:slidableactivity:2.0.5] AndroidManifest.xml:9:5-20
MERGED from [com.android.support:support-v4:25.2.0] AndroidManifest.xml:25:5-20
MERGED from [com.android.support:support-fragment:25.2.0] AndroidManifest.xml:25:5-20
MERGED from [com.android.support:support-media-compat:25.2.0] AndroidManifest.xml:25:5-20
MERGED from [com.android.support:support-core-ui:25.2.0] AndroidManifest.xml:25:5-20
MERGED from [com.android.support:support-core-utils:25.2.0] AndroidManifest.xml:25:5-20
MERGED from [com.android.support:support-compat:25.2.0] AndroidManifest.xml:25:5-20
MERGED from [com.github.zagum:Android-ExpandIcon:1.1.1] AndroidManifest.xml:8:5-20
	android:label
		ADDED from src\main\AndroidManifest.xml:13:9-41
	android:fullBackupContent
		ADDED from src\main\AndroidManifest.xml:11:9-41
	android:allowBackup
		ADDED from src\main\AndroidManifest.xml:10:9-35
	android:icon
		ADDED from src\main\AndroidManifest.xml:12:9-43
	android:theme
		ADDED from src\main\AndroidManifest.xml:14:9-40
activity#com.thatkawaiiguy.meleehandbook.MainActivity
ADDED from src\main\AndroidManifest.xml:15:9-21:20
	android:name
		ADDED from src\main\AndroidManifest.xml:16:13-41
intent-filter#android.intent.action.MAIN+android.intent.category.LAUNCHER
ADDED from src\main\AndroidManifest.xml:17:13-20:29
action#android.intent.action.MAIN
ADDED from src\main\AndroidManifest.xml:18:17-69
	android:name
		ADDED from src\main\AndroidManifest.xml:18:25-66
category#android.intent.category.LAUNCHER
ADDED from src\main\AndroidManifest.xml:19:17-77
	android:name
		ADDED from src\main\AndroidManifest.xml:19:27-74
activity#com.thatkawaiiguy.meleehandbook.activity.CharacterActivity
ADDED from src\main\AndroidManifest.xml:22:9-23:57
	android:name
		ADDED from src\main\AndroidManifest.xml:23:13-55
activity#com.thatkawaiiguy.meleehandbook.activity.CharacterFrameActivity
ADDED from src\main\AndroidManifest.xml:24:9-25:62
	android:name
		ADDED from src\main\AndroidManifest.xml:25:13-60
activity#com.thatkawaiiguy.meleehandbook.activity.FunActivity
ADDED from src\main\AndroidManifest.xml:26:9-27:51
	android:name
		ADDED from src\main\AndroidManifest.xml:27:13-49
activity#com.thatkawaiiguy.meleehandbook.activity.StageActivity
ADDED from src\main\AndroidManifest.xml:28:9-29:53
	android:name
		ADDED from src\main\AndroidManifest.xml:29:13-51
activity#com.thatkawaiiguy.meleehandbook.activity.TechTabActivity
ADDED from src\main\AndroidManifest.xml:30:9-31:55
	android:name
		ADDED from src\main\AndroidManifest.xml:31:13-53
activity#com.thatkawaiiguy.meleehandbook.activity.VideoInfoActivity
ADDED from src\main\AndroidManifest.xml:32:9-33:57
	android:name
		ADDED from src\main\AndroidManifest.xml:33:13-55
activity#com.thatkawaiiguy.meleehandbook.activity.AppSettingsActivity
ADDED from src\main\AndroidManifest.xml:34:9-35:59
	android:name
		ADDED from src\main\AndroidManifest.xml:35:13-57
activity#com.thatkawaiiguy.meleehandbook.activity.HitBoxesActivity
ADDED from src\main\AndroidManifest.xml:36:9-37:56
	android:name
		ADDED from src\main\AndroidManifest.xml:37:13-54
activity#com.thatkawaiiguy.meleehandbook.activity.HealthyActivity
ADDED from src\main\AndroidManifest.xml:38:9-39:55
	android:name
		ADDED from src\main\AndroidManifest.xml:39:13-53
activity#com.thatkawaiiguy.meleehandbook.activity.SearchResultsActivity
ADDED from src\main\AndroidManifest.xml:40:9-50:20
	android:launchMode
		ADDED from src\main\AndroidManifest.xml:42:13-43
	android:name
		ADDED from src\main\AndroidManifest.xml:41:13-59
intent-filter#android.intent.action.SEARCH+android.intent.category.DEFAULT
ADDED from src\main\AndroidManifest.xml:43:13-46:29
action#android.intent.action.SEARCH
ADDED from src\main\AndroidManifest.xml:44:17-71
	android:name
		ADDED from src\main\AndroidManifest.xml:44:25-68
category#android.intent.category.DEFAULT
ADDED from src\main\AndroidManifest.xml:45:17-76
	android:name
		ADDED from src\main\AndroidManifest.xml:45:27-73
meta-data#android.app.searchable
ADDED from src\main\AndroidManifest.xml:47:13-49:54
	android:resource
		ADDED from src\main\AndroidManifest.xml:49:17-51
	android:name
		ADDED from src\main\AndroidManifest.xml:48:17-54
uses-sdk
INJECTED from src\main\AndroidManifest.xml reason: use-sdk injection requested
MERGED from [pl.droidsonroids.gif:android-gif-drawable:1.2.3] AndroidManifest.xml:7:5-9:41
MERGED from [com.android.support:design:25.2.0] AndroidManifest.xml:21:5-23:62
MERGED from [com.android.support:appcompat-v7:25.2.0] AndroidManifest.xml:21:5-23:78
MERGED from [com.android.support:animated-vector-drawable:25.2.0] AndroidManifest.xml:20:5-44
MERGED from [com.android.support:support-vector-drawable:25.2.0] AndroidManifest.xml:21:5-43
MERGED from [com.android.support:transition:25.2.0] AndroidManifest.xml:20:5-44
MERGED from [com.android.support:cardview-v7:25.2.0] AndroidManifest.xml:20:5-43
MERGED from [com.turingtechnologies.materialscrollbar:lib:10.0.2] AndroidManifest.xml:7:5-9:41
MERGED from [com.bignerdranch.android:expandablerecyclerview:1.0.3] AndroidManifest.xml:7:5-9:41
MERGED from [com.android.support:recyclerview-v7:25.2.0] AndroidManifest.xml:20:5-43
MERGED from [com.r0adkll:slidableactivity:2.0.5] AndroidManifest.xml:7:5-44
MERGED from [com.android.support:support-v4:25.2.0] AndroidManifest.xml:21:5-23:54
MERGED from [com.android.support:support-fragment:25.2.0] AndroidManifest.xml:21:5-23:60
MERGED from [com.android.support:support-media-compat:25.2.0] AndroidManifest.xml:21:5-23:63
MERGED from [com.android.support:support-core-ui:25.2.0] AndroidManifest.xml:21:5-23:58
MERGED from [com.android.support:support-core-utils:25.2.0] AndroidManifest.xml:21:5-23:61
MERGED from [com.android.support:support-compat:25.2.0] AndroidManifest.xml:21:5-23:58
MERGED from [com.github.zagum:Android-ExpandIcon:1.1.1] AndroidManifest.xml:6:5-44
	tools:overrideLibrary
		ADDED from [com.android.support:design:25.2.0] AndroidManifest.xml:23:9-59
	android:targetSdkVersion
		INJECTED from src\main\AndroidManifest.xml
		INJECTED from src\main\AndroidManifest.xml
	android:minSdkVersion
		INJECTED from src\main\AndroidManifest.xml
		INJECTED from src\main\AndroidManifest.xml